<?xml version="1.0" encoding="UTF-8"?>
<!-- Generated by org.testng.reporters.JUnitXMLReporter -->
<testsuite ignored="0" hostname="USI-3916L" failures="2" tests="2" name="Error Validation Test with multiple users" time="6.905" errors="0" timestamp="2024-07-29T21:24:59 IST">
  <testcase classname="ECommerce.TestCases.ErrorValidation" name="IncorrectEmailErrorValidation" time="0.93">
    <failure type="java.lang.AssertionError" message="expected [Incorrect email or password.] but found [Incorrect Email or Password]">
      <![CDATA[java.lang.AssertionError: expected [Incorrect email or password.] but found [Incorrect Email or Password]
at ECommerce.TestCases.ErrorValidation.IncorrectEmailErrorValidation(ErrorValidation.java:23)
at java.base/java.util.ArrayList.forEach(ArrayList.java:1511)
... Removed 33 stack frames]]>
    </failure>
  </testcase> <!-- IncorrectEmailErrorValidation -->
  <testcase classname="ECommerce.TestCases.ErrorValidation" name="IncorrectPasswordErrorValidation" time="0.268">
    <failure type="org.testng.internal.reflect.MethodMatcherException" message="
[public void ECommerce.TestCases.ErrorValidation.IncorrectPasswordErrorValidation(java.util.HashMap)] has no parameters defined but was found to be using a data provider (either explicitly specified or inherited from class level annotation).
Data provider mismatch
Method: IncorrectPasswordErrorValidation([java.util.HashMap&amp;lt;java.lang.String, java.lang.String&amp;gt; arg0])
Arguments: [(java.util.HashMap) {password=Zuzu@71555, email=jananisivaraj1@gmail.com},(java.util.HashMap) {password=Zuzu@71555, email=jananizuzu@gmail.com}]">
      <![CDATA[org.testng.internal.reflect.MethodMatcherException: 
[public void ECommerce.TestCases.ErrorValidation.IncorrectPasswordErrorValidation(java.util.HashMap)] has no parameters defined but was found to be using a data provider (either explicitly specified or inherited from class level annotation).
Data provider mismatch
Method: IncorrectPasswordErrorValidation([java.util.HashMap<java.lang.String, java.lang.String> arg0])
Arguments: [(java.util.HashMap) {password=Zuzu@71555, email=jananisivaraj1@gmail.com},(java.util.HashMap) {password=Zuzu@71555, email=jananizuzu@gmail.com}]
at java.base/java.util.ArrayList.forEach(ArrayList.java:1511)
... Removed 22 stack frames]]>
    </failure>
  </testcase> <!-- IncorrectPasswordErrorValidation -->
</testsuite> <!-- Error Validation Test with multiple users -->
