<?xml version="1.0" encoding="UTF-8"?>
<!-- Generated by org.testng.reporters.JUnitXMLReporter -->
<testsuite ignored="1" hostname="USI-3916L" failures="0" tests="2" name="Error Validation Test" time="14.119" errors="0" timestamp="2024-08-04T15:29:32 IST">
  <testcase classname="ECommerce.TestCases.ErrorValidation" name="IncorrectPasswordErrorValidation" time="0.069">
    <skipped/>
  </testcase> <!-- IncorrectPasswordErrorValidation -->
  <testcase classname="ECommerce.TestCases.ErrorValidation" name="IncorrectPasswordErrorValidation" time="0.05">
    <skipped/>
  </testcase> <!-- IncorrectPasswordErrorValidation -->
  <testcase classname="ECommerce.TestCases.ErrorValidation" name="IncorrectEmailErrorValidation" time="0.0">
    <ignored/>
  </testcase> <!-- IncorrectEmailErrorValidation -->
</testsuite> <!-- Error Validation Test -->
