<?xml version="1.0" encoding="UTF-8"?>
<!-- Generated by org.testng.reporters.JUnitXMLReporter -->
<testsuite ignored="2" hostname="USI-3916L" failures="0" tests="0" time="0.019" errors="0" timestamp="2024-08-04T15:29:19 IST">
  <testcase classname="ECommerce.TestCases.SubmitOrderTest" name="CheckItemPresentInOrdersPage" time="0.0">
    <ignored/>
  </testcase> <!-- CheckItemPresentInOrdersPage -->
  <testcase classname="ECommerce.TestCases.SubmitOrderTest" name="SubmitOrder" time="0.0">
    <ignored/>
  </testcase> <!-- SubmitOrder -->
</testsuite>
